<?xml version="1.0" encoding="UTF-8"?>
<!-- Generated by org.testng.reporters.JUnitReportReporter -->
<testsuite hostname="DESKTOP-7L3CSEA" failures="0" tests="1" name="test.TestCase4" time="35.967" errors="0" timestamp="2024-11-17T16:09:32 IST" skipped="0">
  <testcase classname="test.TestCase4" name="login_Serach_WishList_Cart_Logout" time="35.967"/>
</testsuite> <!-- test.TestCase4 -->
