<?xml version="1.0" encoding="UTF-8"?>
<!-- Generated by org.testng.reporters.JUnitReportReporter -->
<testsuite hostname="DESKTOP-7L3CSEA" failures="0" tests="1" name="test.TestCase5" time="32.130" errors="0" timestamp="2024-11-17T16:11:19 IST" skipped="0">
  <testcase classname="test.TestCase5" name="remove_fromcart_fromWishList_logout" time="32.130"/>
</testsuite> <!-- test.TestCase5 -->
