<?xml version="1.0" encoding="UTF-8"?>
<!-- Generated by org.testng.reporters.JUnitReportReporter -->
<testsuite hostname="DESKTOP-7L3CSEA" failures="0" tests="1" name="test.TestCase2" time="19.894" errors="0" timestamp="2024-11-13T00:24:58 IST" skipped="0">
  <testcase classname="test.TestCase2" name="logintoamazon" time="19.894"/>
</testsuite> <!-- test.TestCase2 -->
