<?xml version="1.0" encoding="UTF-8"?>
<!-- Generated by org.testng.reporters.JUnitReportReporter -->
<testsuite hostname="DESKTOP-7L3CSEA" failures="0" tests="1" name="test.TestCase3" time="30.226" errors="0" timestamp="2024-11-17T16:00:23 IST" skipped="0">
  <testcase classname="test.TestCase3" name="login_Serach_WishList_LogoutFrom_amazon" time="30.226"/>
</testsuite> <!-- test.TestCase3 -->
