<?xml version="1.0" encoding="UTF-8"?>
<!-- Generated by org.testng.reporters.JUnitReportReporter -->
<testsuite hostname="DESKTOP-7L3CSEA" failures="0" tests="1" name="test.TestCase1" time="16.919" errors="0" timestamp="2024-11-13T00:06:57 IST" skipped="0">
  <testcase classname="test.TestCase1" name="loginToAmazon" time="16.919"/>
</testsuite> <!-- test.TestCase1 -->
